<?xml version="1.0" encoding="UTF-8"?>
<!-- Generated by org.testng.reporters.JUnitReportReporter -->
<testsuite skipped="3" hostname="WBLL0619E4282" name="esp.Controller.LoginController" tests="3" failures="0" timestamp="12 Aug 2019 10:23:47 GMT" time="0.000" errors="0">
  <testcase name="TestLogin" time="0.000" classname="esp.Controller.LoginController">
    <skipped/>
  </testcase> <!-- TestLogin -->
  <testcase name="ApproveJOb" time="0.000" classname="esp.Controller.LoginController">
    <skipped/>
  </testcase> <!-- ApproveJOb -->
  <testcase name="TestSchedule" time="0.000" classname="esp.Controller.LoginController">
    <skipped/>
  </testcase> <!-- TestSchedule -->
</testsuite> <!-- esp.Controller.LoginController -->
